Сборка начата 11.10.2023 19:17:04.
Уровень детализации журнала: Normal.     1>Проект "D:\education\raboti\Labi\OAiP_1sem\labaa5\laba5-2\laba5-2\laba5-2.vcxproj" в узле 2 (целевые объекты Build).
     1>C:\Program Files\Microsoft Visual Studio\2022\Community\MSBuild\Microsoft\VC\v170\Microsoft.CppBuild.targets(531,5): warning MSB8028: промежуточный каталог (x64\Debug\) содержит файлы, которые используются совместно с другим проектом (laba5-2.vcxproj).  Это может привести к ошибкам очистки и перестроения.
     1>InitializeBuildStatus:
         Создание "x64\Debug\laba5-2for.tlog\unsuccessfulbuild", так как было задано "AlwaysCreate".
         Обращение к "x64\Debug\laba5-2for.tlog\unsuccessfulbuild".
       ClCompile:
         C:\Program Files\Microsoft Visual Studio\2022\Community\VC\Tools\MSVC\14.37.32822\bin\HostX64\x64\CL.exe /c /ZI /JMC /nologo /W3 /WX- /diagnostics:column /sdl /Od /D _DEBUG /D _CONSOLE /D _UNICODE /D UNICODE /Gm- /EHsc /RTC1 /MDd /GS /fp:precise /Zc:wchar_t /Zc:forScope /Zc:inline /permissive- /Fo"x64\Debug\\" /Fd"x64\Debug\vc143.pdb" /external:W3 /Gd /TP /FC /errorReport:prompt "laba5-2for.cpp"
         laba5-2for.cpp
     1>D:\education\raboti\Labi\OAiP_1sem\labaa5\laba5-2\laba5-2\laba5-2for.cpp(9,16): warning C4305: инициализация: усечение из "double" в "float"
     1>D:\education\raboti\Labi\OAiP_1sem\labaa5\laba5-2\laba5-2\laba5-2for.cpp(13,11): warning C4477: "scanf_s": в строке форматирования "%le" требуется аргумент типа "double *", но вариативный аргумент "1" имеет тип "float *"
       D:\education\raboti\Labi\OAiP_1sem\labaa5\laba5-2\laba5-2\laba5-2for.cpp(13,11): message : рекомендуется использовать "%e" в строке форматирования
     1>D:\education\raboti\Labi\OAiP_1sem\labaa5\laba5-2\laba5-2\laba5-2for.cpp(15,11): warning C4244: =: преобразование "double" в "float", возможна потеря данных
       Link:
         C:\Program Files\Microsoft Visual Studio\2022\Community\VC\Tools\MSVC\14.37.32822\bin\HostX64\x64\link.exe /ERRORREPORT:PROMPT /OUT:"D:\education\raboti\Labi\OAiP_1sem\labaa5\laba5-2\x64\Debug\laba5-2for.exe" /INCREMENTAL /ILK:"x64\Debug\laba5-2for.ilk" /NOLOGO kernel32.lib user32.lib gdi32.lib winspool.lib comdlg32.lib advapi32.lib shell32.lib ole32.lib oleaut32.lib uuid.lib odbc32.lib odbccp32.lib /MANIFEST /MANIFESTUAC:"level='asInvoker' uiAccess='false'" /manifest:embed /DEBUG /PDB:"D:\education\raboti\Labi\OAiP_1sem\labaa5\laba5-2\x64\Debug\laba5-2for.pdb" /SUBSYSTEM:CONSOLE /TLBID:1 /DYNAMICBASE /NXCOMPAT /IMPLIB:"D:\education\raboti\Labi\OAiP_1sem\labaa5\laba5-2\x64\Debug\laba5-2for.lib" /MACHINE:X64 "x64\Debug\laba5-2for.obj"
         laba5-2.vcxproj -> D:\education\raboti\Labi\OAiP_1sem\labaa5\laba5-2\x64\Debug\laba5-2for.exe
       FinalizeBuildStatus:
         Файл "x64\Debug\laba5-2for.tlog\unsuccessfulbuild" удаляется.
         Обращение к "x64\Debug\laba5-2for.tlog\laba5-2for.lastbuildstate".
     1>Сборка проекта "D:\education\raboti\Labi\OAiP_1sem\labaa5\laba5-2\laba5-2\laba5-2.vcxproj" завершена (целевые объекты Build).

Сборка успешно завершена.

       "D:\education\raboti\Labi\OAiP_1sem\labaa5\laba5-2\laba5-2\laba5-2.vcxproj" (целевой объект Build ) (1) ->
       (Целевой объект PrepareForBuild) -> 
         C:\Program Files\Microsoft Visual Studio\2022\Community\MSBuild\Microsoft\VC\v170\Microsoft.CppBuild.targets(531,5): warning MSB8028: промежуточный каталог (x64\Debug\) содержит файлы, которые используются совместно с другим проектом (laba5-2.vcxproj).  Это может привести к ошибкам очистки и перестроения.


       "D:\education\raboti\Labi\OAiP_1sem\labaa5\laba5-2\laba5-2\laba5-2.vcxproj" (целевой объект Build ) (1) ->
       (Целевой объект ClCompile) -> 
         D:\education\raboti\Labi\OAiP_1sem\labaa5\laba5-2\laba5-2\laba5-2for.cpp(9,16): warning C4305: инициализация: усечение из "double" в "float"
         D:\education\raboti\Labi\OAiP_1sem\labaa5\laba5-2\laba5-2\laba5-2for.cpp(13,11): warning C4477: "scanf_s": в строке форматирования "%le" требуется аргумент типа "double *", но вариативный аргумент "1" имеет тип "float *"
         D:\education\raboti\Labi\OAiP_1sem\labaa5\laba5-2\laba5-2\laba5-2for.cpp(15,11): warning C4244: =: преобразование "double" в "float", возможна потеря данных

    Предупреждений: 4
    Ошибок: 0

Прошло времени 00:00:01.05
