Сборка начата 25.10.2023 0:11:51.
Уровень детализации журнала: Normal.     1>Проект "D:\education\raboti\Labi\OAiP_1sem\labaa3\labaa3-1-1\labaa3-1-1.vcxproj" в узле 2 (целевые объекты Build).
     1>InitializeBuildStatus:
         Создание "x64\Debug\labaa3-1-1.tlog\unsuccessfulbuild", так как было задано "AlwaysCreate".
         Обращение к "x64\Debug\labaa3-1-1.tlog\unsuccessfulbuild".
       ClCompile:
         C:\Program Files\Microsoft Visual Studio\2022\Community\VC\Tools\MSVC\14.37.32822\bin\HostX64\x64\CL.exe /c /ZI /JMC /nologo /W3 /WX- /diagnostics:column /sdl /Od /D _DEBUG /D _CONSOLE /D _UNICODE /D UNICODE /Gm- /EHsc /RTC1 /MDd /GS /fp:precise /Zc:wchar_t /Zc:forScope /Zc:inline /permissive- /Fo"x64\Debug\\" /Fd"x64\Debug\vc143.pdb" /external:W3 /Gd /TP /FC /errorReport:prompt "labaa3-1-1.cpp"
         labaa3-1-1.cpp
     1>D:\education\raboti\Labi\OAiP_1sem\labaa3\labaa3-1-1\labaa3-1-1.cpp(8,7): warning C4101: c: неиспользованная локальная переменная
       Link:
         C:\Program Files\Microsoft Visual Studio\2022\Community\VC\Tools\MSVC\14.37.32822\bin\HostX64\x64\link.exe /ERRORREPORT:PROMPT /OUT:"D:\education\raboti\Labi\OAiP_1sem\labaa3\x64\Debug\labaa3-1-1.exe" /INCREMENTAL /ILK:"x64\Debug\labaa3-1-1.ilk" /NOLOGO kernel32.lib user32.lib gdi32.lib winspool.lib comdlg32.lib advapi32.lib shell32.lib ole32.lib oleaut32.lib uuid.lib odbc32.lib odbccp32.lib /MANIFEST /MANIFESTUAC:"level='asInvoker' uiAccess='false'" /manifest:embed /DEBUG /PDB:"D:\education\raboti\Labi\OAiP_1sem\labaa3\x64\Debug\labaa3-1-1.pdb" /SUBSYSTEM:CONSOLE /TLBID:1 /DYNAMICBASE /NXCOMPAT /IMPLIB:"D:\education\raboti\Labi\OAiP_1sem\labaa3\x64\Debug\labaa3-1-1.lib" /MACHINE:X64 "x64\Debug\labaa3-1-1.obj"
         labaa3-1-1.vcxproj -> D:\education\raboti\Labi\OAiP_1sem\labaa3\x64\Debug\labaa3-1-1.exe
       FinalizeBuildStatus:
         Файл "x64\Debug\labaa3-1-1.tlog\unsuccessfulbuild" удаляется.
         Обращение к "x64\Debug\labaa3-1-1.tlog\labaa3-1-1.lastbuildstate".
     1>Сборка проекта "D:\education\raboti\Labi\OAiP_1sem\labaa3\labaa3-1-1\labaa3-1-1.vcxproj" завершена (целевые объекты Build).

Сборка успешно завершена.

       "D:\education\raboti\Labi\OAiP_1sem\labaa3\labaa3-1-1\labaa3-1-1.vcxproj" (целевой объект Build ) (1) ->
       (Целевой объект ClCompile) -> 
         D:\education\raboti\Labi\OAiP_1sem\labaa3\labaa3-1-1\labaa3-1-1.cpp(8,7): warning C4101: c: неиспользованная локальная переменная

    Предупреждений: 1
    Ошибок: 0

Прошло времени 00:00:01.12
