Сборка начата 27.09.2023 18:46:54.
Уровень детализации журнала: Normal.     1>Проект "D:\education\raboti\Labi\OAiP_1sem\labaa3\laba3-7-2\laba3-7-2.vcxproj" в узле 2 (целевые объекты Build).
     1>InitializeBuildStatus:
         Создание "x64\Debug\laba3-7-2.tlog\unsuccessfulbuild", так как было задано "AlwaysCreate".
         Обращение к "x64\Debug\laba3-7-2.tlog\unsuccessfulbuild".
       ClCompile:
         C:\Program Files\Microsoft Visual Studio\2022\Community\VC\Tools\MSVC\14.37.32822\bin\HostX64\x64\CL.exe /c /ZI /JMC /nologo /W3 /WX- /diagnostics:column /sdl /Od /D _DEBUG /D _CONSOLE /D _UNICODE /D UNICODE /Gm- /EHsc /RTC1 /MDd /GS /fp:precise /Zc:wchar_t /Zc:forScope /Zc:inline /permissive- /Fo"x64\Debug\\" /Fd"x64\Debug\vc143.pdb" /external:W3 /Gd /TP /FC /errorReport:prompt "laba3-7-2.cpp"
         laba3-7-2.cpp
     1>D:\education\raboti\Labi\OAiP_1sem\labaa3\laba3-7-2\laba3-7-2.cpp(13,16): warning C4244: =: преобразование "double" в "float", возможна потеря данных
       Link:
         C:\Program Files\Microsoft Visual Studio\2022\Community\VC\Tools\MSVC\14.37.32822\bin\HostX64\x64\link.exe /ERRORREPORT:PROMPT /OUT:"D:\education\raboti\Labi\OAiP_1sem\labaa3\x64\Debug\laba3-7-2.exe" /INCREMENTAL /ILK:"x64\Debug\laba3-7-2.ilk" /NOLOGO kernel32.lib user32.lib gdi32.lib winspool.lib comdlg32.lib advapi32.lib shell32.lib ole32.lib oleaut32.lib uuid.lib odbc32.lib odbccp32.lib /MANIFEST /MANIFESTUAC:"level='asInvoker' uiAccess='false'" /manifest:embed /DEBUG /PDB:"D:\education\raboti\Labi\OAiP_1sem\labaa3\x64\Debug\laba3-7-2.pdb" /SUBSYSTEM:CONSOLE /TLBID:1 /DYNAMICBASE /NXCOMPAT /IMPLIB:"D:\education\raboti\Labi\OAiP_1sem\labaa3\x64\Debug\laba3-7-2.lib" /MACHINE:X64 "x64\Debug\laba3-7-2.obj"
         laba3-7-2.vcxproj -> D:\education\raboti\Labi\OAiP_1sem\labaa3\x64\Debug\laba3-7-2.exe
       FinalizeBuildStatus:
         Файл "x64\Debug\laba3-7-2.tlog\unsuccessfulbuild" удаляется.
         Обращение к "x64\Debug\laba3-7-2.tlog\laba3-7-2.lastbuildstate".
     1>Сборка проекта "D:\education\raboti\Labi\OAiP_1sem\labaa3\laba3-7-2\laba3-7-2.vcxproj" завершена (целевые объекты Build).

Сборка успешно завершена.

       "D:\education\raboti\Labi\OAiP_1sem\labaa3\laba3-7-2\laba3-7-2.vcxproj" (целевой объект Build ) (1) ->
       (Целевой объект ClCompile) -> 
         D:\education\raboti\Labi\OAiP_1sem\labaa3\laba3-7-2\laba3-7-2.cpp(13,16): warning C4244: =: преобразование "double" в "float", возможна потеря данных

    Предупреждений: 1
    Ошибок: 0

Прошло времени 00:00:01.15
