Сборка начата 11.10.2023 18:08:21.
Уровень детализации журнала: Normal.     1>Проект "D:\education\raboti\Labi\OAiP_1sem\labaa5\laba5-2\laba5-2-while\laba5-2-while.vcxproj" в узле 2 (целевые объекты Build).
     1>InitializeBuildStatus:
         Создание "x64\Debug\laba5-2-while.tlog\unsuccessfulbuild", так как было задано "AlwaysCreate".
         Обращение к "x64\Debug\laba5-2-while.tlog\unsuccessfulbuild".
       ClCompile:
         C:\Program Files\Microsoft Visual Studio\2022\Community\VC\Tools\MSVC\14.37.32822\bin\HostX64\x64\CL.exe /c /ZI /JMC /nologo /W3 /WX- /diagnostics:column /sdl /Od /D _DEBUG /D _CONSOLE /D _UNICODE /D UNICODE /Gm- /EHsc /RTC1 /MDd /GS /fp:precise /Zc:wchar_t /Zc:forScope /Zc:inline /permissive- /Fo"x64\Debug\\" /Fd"x64\Debug\vc143.pdb" /external:W3 /Gd /TP /FC /errorReport:prompt "laba5-2-while.cpp"
         laba5-2-while.cpp
     1>D:\education\raboti\Labi\OAiP_1sem\labaa5\laba5-2\laba5-2-while\laba5-2-while.cpp(9,16): warning C4305: инициализация: усечение из "double" в "float"
     1>D:\education\raboti\Labi\OAiP_1sem\labaa5\laba5-2\laba5-2-while\laba5-2-while.cpp(14,11): warning C4244: =: преобразование "double" в "float", возможна потеря данных
       Link:
         C:\Program Files\Microsoft Visual Studio\2022\Community\VC\Tools\MSVC\14.37.32822\bin\HostX64\x64\link.exe /ERRORREPORT:PROMPT /OUT:"D:\education\raboti\Labi\OAiP_1sem\labaa5\laba5-2\x64\Debug\laba5-2-while.exe" /INCREMENTAL /ILK:"x64\Debug\laba5-2-while.ilk" /NOLOGO kernel32.lib user32.lib gdi32.lib winspool.lib comdlg32.lib advapi32.lib shell32.lib ole32.lib oleaut32.lib uuid.lib odbc32.lib odbccp32.lib /MANIFEST /MANIFESTUAC:"level='asInvoker' uiAccess='false'" /manifest:embed /DEBUG /PDB:"D:\education\raboti\Labi\OAiP_1sem\labaa5\laba5-2\x64\Debug\laba5-2-while.pdb" /SUBSYSTEM:CONSOLE /TLBID:1 /DYNAMICBASE /NXCOMPAT /IMPLIB:"D:\education\raboti\Labi\OAiP_1sem\labaa5\laba5-2\x64\Debug\laba5-2-while.lib" /MACHINE:X64 "x64\Debug\laba5-2-while.obj"
         LINK : не найден или не выполнена сборка D:\education\raboti\Labi\OAiP_1sem\labaa5\laba5-2\x64\Debug\laba5-2-while.exe при последней инкрементной компоновке; выполняется полная компоновка
         laba5-2-while.vcxproj -> D:\education\raboti\Labi\OAiP_1sem\labaa5\laba5-2\x64\Debug\laba5-2-while.exe
       TlogCleanup:
         Следующие элементы будут удалены из tlogs, так как они были удалены из проекта или сборки: D:\education\raboti\Labi\OAP\labaa5\laba5-2\laba5-2-while\laba5-2-while.cpp.
       FinalizeBuildStatus:
         Файл "x64\Debug\laba5-2-while.tlog\unsuccessfulbuild" удаляется.
         Обращение к "x64\Debug\laba5-2-while.tlog\laba5-2-while.lastbuildstate".
     1>Сборка проекта "D:\education\raboti\Labi\OAiP_1sem\labaa5\laba5-2\laba5-2-while\laba5-2-while.vcxproj" завершена (целевые объекты Build).

Сборка успешно завершена.

       "D:\education\raboti\Labi\OAiP_1sem\labaa5\laba5-2\laba5-2-while\laba5-2-while.vcxproj" (целевой объект Build ) (1) ->
       (Целевой объект ClCompile) -> 
         D:\education\raboti\Labi\OAiP_1sem\labaa5\laba5-2\laba5-2-while\laba5-2-while.cpp(9,16): warning C4305: инициализация: усечение из "double" в "float"
         D:\education\raboti\Labi\OAiP_1sem\labaa5\laba5-2\laba5-2-while\laba5-2-while.cpp(14,11): warning C4244: =: преобразование "double" в "float", возможна потеря данных

    Предупреждений: 2
    Ошибок: 0

Прошло времени 00:00:01.39
